The system is: Linux - 5.15.13-200.fc35.aarch64 - aarch64
Compiling the C compiler identification source file "CMakeCCompilerId.c" succeeded.
Compiler: /usr/bin/gcc 
Build flags: 
Id flags:  

The output was:
0


Compilation of the C compiler identification source "CMakeCCompilerId.c" produced "a.out"

The C compiler identification is GNU, found in "/home/nick/Code/Lynk/build/CMakeFiles/3.22.1/CompilerIdC/a.out"

Compiling the CXX compiler identification source file "CMakeCXXCompilerId.cpp" succeeded.
Compiler: /usr/bin/g++ 
Build flags: 
Id flags:  

The output was:
0


Compilation of the CXX compiler identification source "CMakeCXXCompilerId.cpp" produced "a.out"

The CXX compiler identification is GNU, found in "/home/nick/Code/Lynk/build/CMakeFiles/3.22.1/CompilerIdCXX/a.out"

Detecting C compiler ABI info compiled with the following output:
Change Dir: /home/nick/Code/Lynk/build/CMakeFiles/CMakeTmp

Run Build Command(s):/usr/bin/gmake -f Makefile cmTC_f2d91/fast && /usr/bin/gmake  -f CMakeFiles/cmTC_f2d91.dir/build.make CMakeFiles/cmTC_f2d91.dir/build
gmake[1]: Entering directory '/home/nick/Code/Lynk/build/CMakeFiles/CMakeTmp'
Building C object CMakeFiles/cmTC_f2d91.dir/CMakeCCompilerABI.c.o
/usr/bin/gcc   -v -o CMakeFiles/cmTC_f2d91.dir/CMakeCCompilerABI.c.o -c /usr/share/cmake/Modules/CMakeCCompilerABI.c
Using built-in specs.
COLLECT_GCC=/usr/bin/gcc
Target: aarch64-redhat-linux
Configured with: ../configure --enable-bootstrap --enable-languages=c,c++,fortran,objc,obj-c++,ada,go,lto --prefix=/usr --mandir=/usr/share/man --infodir=/usr/share/info --with-bugurl=http://bugzilla.redhat.com/bugzilla --enable-shared --enable-threads=posix --enable-checking=release --enable-multilib --with-system-zlib --enable-__cxa_atexit --disable-libunwind-exceptions --enable-gnu-unique-object --enable-linker-build-id --with-gcc-major-version-only --with-linker-hash-style=gnu --enable-plugin --enable-initfini-array --with-isl=/builddir/build/BUILD/gcc-11.2.1-20211203/obj-aarch64-redhat-linux/isl-install --enable-gnu-indirect-function --build=aarch64-redhat-linux --with-build-config=bootstrap-lto --enable-link-serialization=1
Thread model: posix
Supported LTO compression algorithms: zlib zstd
gcc version 11.2.1 20211203 (Red Hat 11.2.1-7) (GCC) 
COLLECT_GCC_OPTIONS='-v' '-o' 'CMakeFiles/cmTC_f2d91.dir/CMakeCCompilerABI.c.o' '-c' '-mlittle-endian' '-mabi=lp64' '-dumpdir' 'CMakeFiles/cmTC_f2d91.dir/'
 /usr/libexec/gcc/aarch64-redhat-linux/11/cc1 -quiet -v /usr/share/cmake/Modules/CMakeCCompilerABI.c -quiet -dumpdir CMakeFiles/cmTC_f2d91.dir/ -dumpbase CMakeCCompilerABI.c.c -dumpbase-ext .c -mlittle-endian -mabi=lp64 -version -o /tmp/ccDjTUkY.s
GNU C17 (GCC) version 11.2.1 20211203 (Red Hat 11.2.1-7) (aarch64-redhat-linux)
	compiled by GNU C version 11.2.1 20211203 (Red Hat 11.2.1-7), GMP version 6.2.0, MPFR version 4.1.0-p13, MPC version 1.2.1, isl version isl-0.18-GMP

GGC heuristics: --param ggc-min-expand=100 --param ggc-min-heapsize=131072
ignoring nonexistent directory "/usr/lib/gcc/aarch64-redhat-linux/11/include-fixed"
ignoring nonexistent directory "/usr/lib/gcc/aarch64-redhat-linux/11/../../../../aarch64-redhat-linux/include"
#include "..." search starts here:
#include <...> search starts here:
 /usr/lib/gcc/aarch64-redhat-linux/11/include
 /usr/local/include
 /usr/include
End of search list.
GNU C17 (GCC) version 11.2.1 20211203 (Red Hat 11.2.1-7) (aarch64-redhat-linux)
	compiled by GNU C version 11.2.1 20211203 (Red Hat 11.2.1-7), GMP version 6.2.0, MPFR version 4.1.0-p13, MPC version 1.2.1, isl version isl-0.18-GMP

GGC heuristics: --param ggc-min-expand=100 --param ggc-min-heapsize=131072
Compiler executable checksum: 9538525e77376f97bca37a4a59ed77a4
COLLECT_GCC_OPTIONS='-v' '-o' 'CMakeFiles/cmTC_f2d91.dir/CMakeCCompilerABI.c.o' '-c' '-mlittle-endian' '-mabi=lp64' '-dumpdir' 'CMakeFiles/cmTC_f2d91.dir/'
 as -v -EL -mabi=lp64 -o CMakeFiles/cmTC_f2d91.dir/CMakeCCompilerABI.c.o /tmp/ccDjTUkY.s
GNU assembler version 2.37 (aarch64-redhat-linux) using BFD version version 2.37-10.fc35
COMPILER_PATH=/usr/libexec/gcc/aarch64-redhat-linux/11/:/usr/libexec/gcc/aarch64-redhat-linux/11/:/usr/libexec/gcc/aarch64-redhat-linux/:/usr/lib/gcc/aarch64-redhat-linux/11/:/usr/lib/gcc/aarch64-redhat-linux/
LIBRARY_PATH=/usr/lib/gcc/aarch64-redhat-linux/11/:/usr/lib/gcc/aarch64-redhat-linux/11/../../../../lib64/:/lib/../lib64/:/usr/lib/../lib64/:/usr/lib/gcc/aarch64-redhat-linux/11/../../../:/lib/:/usr/lib/
COLLECT_GCC_OPTIONS='-v' '-o' 'CMakeFiles/cmTC_f2d91.dir/CMakeCCompilerABI.c.o' '-c' '-mlittle-endian' '-mabi=lp64' '-dumpdir' 'CMakeFiles/cmTC_f2d91.dir/CMakeCCompilerABI.c.'
Linking C executable cmTC_f2d91
/usr/bin/cmake -E cmake_link_script CMakeFiles/cmTC_f2d91.dir/link.txt --verbose=1
/usr/bin/gcc  -v CMakeFiles/cmTC_f2d91.dir/CMakeCCompilerABI.c.o -o cmTC_f2d91 
Using built-in specs.
COLLECT_GCC=/usr/bin/gcc
COLLECT_LTO_WRAPPER=/usr/libexec/gcc/aarch64-redhat-linux/11/lto-wrapper
Target: aarch64-redhat-linux
Configured with: ../configure --enable-bootstrap --enable-languages=c,c++,fortran,objc,obj-c++,ada,go,lto --prefix=/usr --mandir=/usr/share/man --infodir=/usr/share/info --with-bugurl=http://bugzilla.redhat.com/bugzilla --enable-shared --enable-threads=posix --enable-checking=release --enable-multilib --with-system-zlib --enable-__cxa_atexit --disable-libunwind-exceptions --enable-gnu-unique-object --enable-linker-build-id --with-gcc-major-version-only --with-linker-hash-style=gnu --enable-plugin --enable-initfini-array --with-isl=/builddir/build/BUILD/gcc-11.2.1-20211203/obj-aarch64-redhat-linux/isl-install --enable-gnu-indirect-function --build=aarch64-redhat-linux --with-build-config=bootstrap-lto --enable-link-serialization=1
Thread model: posix
Supported LTO compression algorithms: zlib zstd
gcc version 11.2.1 20211203 (Red Hat 11.2.1-7) (GCC) 
COMPILER_PATH=/usr/libexec/gcc/aarch64-redhat-linux/11/:/usr/libexec/gcc/aarch64-redhat-linux/11/:/usr/libexec/gcc/aarch64-redhat-linux/:/usr/lib/gcc/aarch64-redhat-linux/11/:/usr/lib/gcc/aarch64-redhat-linux/
LIBRARY_PATH=/usr/lib/gcc/aarch64-redhat-linux/11/:/usr/lib/gcc/aarch64-redhat-linux/11/../../../../lib64/:/lib/../lib64/:/usr/lib/../lib64/:/usr/lib/gcc/aarch64-redhat-linux/11/../../../:/lib/:/usr/lib/
COLLECT_GCC_OPTIONS='-v' '-o' 'cmTC_f2d91' '-mlittle-endian' '-mabi=lp64' '-dumpdir' 'cmTC_f2d91.'
 /usr/libexec/gcc/aarch64-redhat-linux/11/collect2 -plugin /usr/libexec/gcc/aarch64-redhat-linux/11/liblto_plugin.so -plugin-opt=/usr/libexec/gcc/aarch64-redhat-linux/11/lto-wrapper -plugin-opt=-fresolution=/tmp/ccWE5hbF.res -plugin-opt=-pass-through=-lgcc -plugin-opt=-pass-through=-lgcc_s -plugin-opt=-pass-through=-lc -plugin-opt=-pass-through=-lgcc -plugin-opt=-pass-through=-lgcc_s --build-id --no-add-needed --eh-frame-hdr --hash-style=gnu -dynamic-linker /lib/ld-linux-aarch64.so.1 -X -EL -maarch64linux -o cmTC_f2d91 /usr/lib/gcc/aarch64-redhat-linux/11/../../../../lib64/crt1.o /usr/lib/gcc/aarch64-redhat-linux/11/../../../../lib64/crti.o /usr/lib/gcc/aarch64-redhat-linux/11/crtbegin.o -L/usr/lib/gcc/aarch64-redhat-linux/11 -L/usr/lib/gcc/aarch64-redhat-linux/11/../../../../lib64 -L/lib/../lib64 -L/usr/lib/../lib64 -L/usr/lib/gcc/aarch64-redhat-linux/11/../../.. CMakeFiles/cmTC_f2d91.dir/CMakeCCompilerABI.c.o -lgcc --push-state --as-needed -lgcc_s --pop-state -lc -lgcc --push-state --as-needed -lgcc_s --pop-state /usr/lib/gcc/aarch64-redhat-linux/11/crtend.o /usr/lib/gcc/aarch64-redhat-linux/11/../../../../lib64/crtn.o
COLLECT_GCC_OPTIONS='-v' '-o' 'cmTC_f2d91' '-mlittle-endian' '-mabi=lp64' '-dumpdir' 'cmTC_f2d91.'
gmake[1]: Leaving directory '/home/nick/Code/Lynk/build/CMakeFiles/CMakeTmp'



Parsed C implicit include dir info from above output: rv=done
  found start of include info
  found start of implicit include info
    add: [/usr/lib/gcc/aarch64-redhat-linux/11/include]
    add: [/usr/local/include]
    add: [/usr/include]
  end of search list found
  collapse include dir [/usr/lib/gcc/aarch64-redhat-linux/11/include] ==> [/usr/lib/gcc/aarch64-redhat-linux/11/include]
  collapse include dir [/usr/local/include] ==> [/usr/local/include]
  collapse include dir [/usr/include] ==> [/usr/include]
  implicit include dirs: [/usr/lib/gcc/aarch64-redhat-linux/11/include;/usr/local/include;/usr/include]


Parsed C implicit link information from above output:
  link line regex: [^( *|.*[/\])(ld|CMAKE_LINK_STARTFILE-NOTFOUND|([^/\]+-)?ld|collect2)[^/\]*( |$)]
  ignore line: [Change Dir: /home/nick/Code/Lynk/build/CMakeFiles/CMakeTmp]
  ignore line: []
  ignore line: [Run Build Command(s):/usr/bin/gmake -f Makefile cmTC_f2d91/fast && /usr/bin/gmake  -f CMakeFiles/cmTC_f2d91.dir/build.make CMakeFiles/cmTC_f2d91.dir/build]
  ignore line: [gmake[1]: Entering directory '/home/nick/Code/Lynk/build/CMakeFiles/CMakeTmp']
  ignore line: [Building C object CMakeFiles/cmTC_f2d91.dir/CMakeCCompilerABI.c.o]
  ignore line: [/usr/bin/gcc   -v -o CMakeFiles/cmTC_f2d91.dir/CMakeCCompilerABI.c.o -c /usr/share/cmake/Modules/CMakeCCompilerABI.c]
  ignore line: [Using built-in specs.]
  ignore line: [COLLECT_GCC=/usr/bin/gcc]
  ignore line: [Target: aarch64-redhat-linux]
  ignore line: [Configured with: ../configure --enable-bootstrap --enable-languages=c c++ fortran objc obj-c++ ada go lto --prefix=/usr --mandir=/usr/share/man --infodir=/usr/share/info --with-bugurl=http://bugzilla.redhat.com/bugzilla --enable-shared --enable-threads=posix --enable-checking=release --enable-multilib --with-system-zlib --enable-__cxa_atexit --disable-libunwind-exceptions --enable-gnu-unique-object --enable-linker-build-id --with-gcc-major-version-only --with-linker-hash-style=gnu --enable-plugin --enable-initfini-array --with-isl=/builddir/build/BUILD/gcc-11.2.1-20211203/obj-aarch64-redhat-linux/isl-install --enable-gnu-indirect-function --build=aarch64-redhat-linux --with-build-config=bootstrap-lto --enable-link-serialization=1]
  ignore line: [Thread model: posix]
  ignore line: [Supported LTO compression algorithms: zlib zstd]
  ignore line: [gcc version 11.2.1 20211203 (Red Hat 11.2.1-7) (GCC) ]
  ignore line: [COLLECT_GCC_OPTIONS='-v' '-o' 'CMakeFiles/cmTC_f2d91.dir/CMakeCCompilerABI.c.o' '-c' '-mlittle-endian' '-mabi=lp64' '-dumpdir' 'CMakeFiles/cmTC_f2d91.dir/']
  ignore line: [ /usr/libexec/gcc/aarch64-redhat-linux/11/cc1 -quiet -v /usr/share/cmake/Modules/CMakeCCompilerABI.c -quiet -dumpdir CMakeFiles/cmTC_f2d91.dir/ -dumpbase CMakeCCompilerABI.c.c -dumpbase-ext .c -mlittle-endian -mabi=lp64 -version -o /tmp/ccDjTUkY.s]
  ignore line: [GNU C17 (GCC) version 11.2.1 20211203 (Red Hat 11.2.1-7) (aarch64-redhat-linux)]
  ignore line: [	compiled by GNU C version 11.2.1 20211203 (Red Hat 11.2.1-7)  GMP version 6.2.0  MPFR version 4.1.0-p13  MPC version 1.2.1  isl version isl-0.18-GMP]
  ignore line: []
  ignore line: [GGC heuristics: --param ggc-min-expand=100 --param ggc-min-heapsize=131072]
  ignore line: [ignoring nonexistent directory "/usr/lib/gcc/aarch64-redhat-linux/11/include-fixed"]
  ignore line: [ignoring nonexistent directory "/usr/lib/gcc/aarch64-redhat-linux/11/../../../../aarch64-redhat-linux/include"]
  ignore line: [#include "..." search starts here:]
  ignore line: [#include <...> search starts here:]
  ignore line: [ /usr/lib/gcc/aarch64-redhat-linux/11/include]
  ignore line: [ /usr/local/include]
  ignore line: [ /usr/include]
  ignore line: [End of search list.]
  ignore line: [GNU C17 (GCC) version 11.2.1 20211203 (Red Hat 11.2.1-7) (aarch64-redhat-linux)]
  ignore line: [	compiled by GNU C version 11.2.1 20211203 (Red Hat 11.2.1-7)  GMP version 6.2.0  MPFR version 4.1.0-p13  MPC version 1.2.1  isl version isl-0.18-GMP]
  ignore line: []
  ignore line: [GGC heuristics: --param ggc-min-expand=100 --param ggc-min-heapsize=131072]
  ignore line: [Compiler executable checksum: 9538525e77376f97bca37a4a59ed77a4]
  ignore line: [COLLECT_GCC_OPTIONS='-v' '-o' 'CMakeFiles/cmTC_f2d91.dir/CMakeCCompilerABI.c.o' '-c' '-mlittle-endian' '-mabi=lp64' '-dumpdir' 'CMakeFiles/cmTC_f2d91.dir/']
  ignore line: [ as -v -EL -mabi=lp64 -o CMakeFiles/cmTC_f2d91.dir/CMakeCCompilerABI.c.o /tmp/ccDjTUkY.s]
  ignore line: [GNU assembler version 2.37 (aarch64-redhat-linux) using BFD version version 2.37-10.fc35]
  ignore line: [COMPILER_PATH=/usr/libexec/gcc/aarch64-redhat-linux/11/:/usr/libexec/gcc/aarch64-redhat-linux/11/:/usr/libexec/gcc/aarch64-redhat-linux/:/usr/lib/gcc/aarch64-redhat-linux/11/:/usr/lib/gcc/aarch64-redhat-linux/]
  ignore line: [LIBRARY_PATH=/usr/lib/gcc/aarch64-redhat-linux/11/:/usr/lib/gcc/aarch64-redhat-linux/11/../../../../lib64/:/lib/../lib64/:/usr/lib/../lib64/:/usr/lib/gcc/aarch64-redhat-linux/11/../../../:/lib/:/usr/lib/]
  ignore line: [COLLECT_GCC_OPTIONS='-v' '-o' 'CMakeFiles/cmTC_f2d91.dir/CMakeCCompilerABI.c.o' '-c' '-mlittle-endian' '-mabi=lp64' '-dumpdir' 'CMakeFiles/cmTC_f2d91.dir/CMakeCCompilerABI.c.']
  ignore line: [Linking C executable cmTC_f2d91]
  ignore line: [/usr/bin/cmake -E cmake_link_script CMakeFiles/cmTC_f2d91.dir/link.txt --verbose=1]
  ignore line: [/usr/bin/gcc  -v CMakeFiles/cmTC_f2d91.dir/CMakeCCompilerABI.c.o -o cmTC_f2d91 ]
  ignore line: [Using built-in specs.]
  ignore line: [COLLECT_GCC=/usr/bin/gcc]
  ignore line: [COLLECT_LTO_WRAPPER=/usr/libexec/gcc/aarch64-redhat-linux/11/lto-wrapper]
  ignore line: [Target: aarch64-redhat-linux]
  ignore line: [Configured with: ../configure --enable-bootstrap --enable-languages=c c++ fortran objc obj-c++ ada go lto --prefix=/usr --mandir=/usr/share/man --infodir=/usr/share/info --with-bugurl=http://bugzilla.redhat.com/bugzilla --enable-shared --enable-threads=posix --enable-checking=release --enable-multilib --with-system-zlib --enable-__cxa_atexit --disable-libunwind-exceptions --enable-gnu-unique-object --enable-linker-build-id --with-gcc-major-version-only --with-linker-hash-style=gnu --enable-plugin --enable-initfini-array --with-isl=/builddir/build/BUILD/gcc-11.2.1-20211203/obj-aarch64-redhat-linux/isl-install --enable-gnu-indirect-function --build=aarch64-redhat-linux --with-build-config=bootstrap-lto --enable-link-serialization=1]
  ignore line: [Thread model: posix]
  ignore line: [Supported LTO compression algorithms: zlib zstd]
  ignore line: [gcc version 11.2.1 20211203 (Red Hat 11.2.1-7) (GCC) ]
  ignore line: [COMPILER_PATH=/usr/libexec/gcc/aarch64-redhat-linux/11/:/usr/libexec/gcc/aarch64-redhat-linux/11/:/usr/libexec/gcc/aarch64-redhat-linux/:/usr/lib/gcc/aarch64-redhat-linux/11/:/usr/lib/gcc/aarch64-redhat-linux/]
  ignore line: [LIBRARY_PATH=/usr/lib/gcc/aarch64-redhat-linux/11/:/usr/lib/gcc/aarch64-redhat-linux/11/../../../../lib64/:/lib/../lib64/:/usr/lib/../lib64/:/usr/lib/gcc/aarch64-redhat-linux/11/../../../:/lib/:/usr/lib/]
  ignore line: [COLLECT_GCC_OPTIONS='-v' '-o' 'cmTC_f2d91' '-mlittle-endian' '-mabi=lp64' '-dumpdir' 'cmTC_f2d91.']
  link line: [ /usr/libexec/gcc/aarch64-redhat-linux/11/collect2 -plugin /usr/libexec/gcc/aarch64-redhat-linux/11/liblto_plugin.so -plugin-opt=/usr/libexec/gcc/aarch64-redhat-linux/11/lto-wrapper -plugin-opt=-fresolution=/tmp/ccWE5hbF.res -plugin-opt=-pass-through=-lgcc -plugin-opt=-pass-through=-lgcc_s -plugin-opt=-pass-through=-lc -plugin-opt=-pass-through=-lgcc -plugin-opt=-pass-through=-lgcc_s --build-id --no-add-needed --eh-frame-hdr --hash-style=gnu -dynamic-linker /lib/ld-linux-aarch64.so.1 -X -EL -maarch64linux -o cmTC_f2d91 /usr/lib/gcc/aarch64-redhat-linux/11/../../../../lib64/crt1.o /usr/lib/gcc/aarch64-redhat-linux/11/../../../../lib64/crti.o /usr/lib/gcc/aarch64-redhat-linux/11/crtbegin.o -L/usr/lib/gcc/aarch64-redhat-linux/11 -L/usr/lib/gcc/aarch64-redhat-linux/11/../../../../lib64 -L/lib/../lib64 -L/usr/lib/../lib64 -L/usr/lib/gcc/aarch64-redhat-linux/11/../../.. CMakeFiles/cmTC_f2d91.dir/CMakeCCompilerABI.c.o -lgcc --push-state --as-needed -lgcc_s --pop-state -lc -lgcc --push-state --as-needed -lgcc_s --pop-state /usr/lib/gcc/aarch64-redhat-linux/11/crtend.o /usr/lib/gcc/aarch64-redhat-linux/11/../../../../lib64/crtn.o]
    arg [/usr/libexec/gcc/aarch64-redhat-linux/11/collect2] ==> ignore
    arg [-plugin] ==> ignore
    arg [/usr/libexec/gcc/aarch64-redhat-linux/11/liblto_plugin.so] ==> ignore
    arg [-plugin-opt=/usr/libexec/gcc/aarch64-redhat-linux/11/lto-wrapper] ==> ignore
    arg [-plugin-opt=-fresolution=/tmp/ccWE5hbF.res] ==> ignore
    arg [-plugin-opt=-pass-through=-lgcc] ==> ignore
    arg [-plugin-opt=-pass-through=-lgcc_s] ==> ignore
    arg [-plugin-opt=-pass-through=-lc] ==> ignore
    arg [-plugin-opt=-pass-through=-lgcc] ==> ignore
    arg [-plugin-opt=-pass-through=-lgcc_s] ==> ignore
    arg [--build-id] ==> ignore
    arg [--no-add-needed] ==> ignore
    arg [--eh-frame-hdr] ==> ignore
    arg [--hash-style=gnu] ==> ignore
    arg [-dynamic-linker] ==> ignore
    arg [/lib/ld-linux-aarch64.so.1] ==> ignore
    arg [-X] ==> ignore
    arg [-EL] ==> ignore
    arg [-maarch64linux] ==> ignore
    arg [-o] ==> ignore
    arg [cmTC_f2d91] ==> ignore
    arg [/usr/lib/gcc/aarch64-redhat-linux/11/../../../../lib64/crt1.o] ==> obj [/usr/lib/gcc/aarch64-redhat-linux/11/../../../../lib64/crt1.o]
    arg [/usr/lib/gcc/aarch64-redhat-linux/11/../../../../lib64/crti.o] ==> obj [/usr/lib/gcc/aarch64-redhat-linux/11/../../../../lib64/crti.o]
    arg [/usr/lib/gcc/aarch64-redhat-linux/11/crtbegin.o] ==> obj [/usr/lib/gcc/aarch64-redhat-linux/11/crtbegin.o]
    arg [-L/usr/lib/gcc/aarch64-redhat-linux/11] ==> dir [/usr/lib/gcc/aarch64-redhat-linux/11]
    arg [-L/usr/lib/gcc/aarch64-redhat-linux/11/../../../../lib64] ==> dir [/usr/lib/gcc/aarch64-redhat-linux/11/../../../../lib64]
    arg [-L/lib/../lib64] ==> dir [/lib/../lib64]
    arg [-L/usr/lib/../lib64] ==> dir [/usr/lib/../lib64]
    arg [-L/usr/lib/gcc/aarch64-redhat-linux/11/../../..] ==> dir [/usr/lib/gcc/aarch64-redhat-linux/11/../../..]
    arg [CMakeFiles/cmTC_f2d91.dir/CMakeCCompilerABI.c.o] ==> ignore
    arg [-lgcc] ==> lib [gcc]
    arg [--push-state] ==> ignore
    arg [--as-needed] ==> ignore
    arg [-lgcc_s] ==> lib [gcc_s]
    arg [--pop-state] ==> ignore
    arg [-lc] ==> lib [c]
    arg [-lgcc] ==> lib [gcc]
    arg [--push-state] ==> ignore
    arg [--as-needed] ==> ignore
    arg [-lgcc_s] ==> lib [gcc_s]
    arg [--pop-state] ==> ignore
    arg [/usr/lib/gcc/aarch64-redhat-linux/11/crtend.o] ==> obj [/usr/lib/gcc/aarch64-redhat-linux/11/crtend.o]
    arg [/usr/lib/gcc/aarch64-redhat-linux/11/../../../../lib64/crtn.o] ==> obj [/usr/lib/gcc/aarch64-redhat-linux/11/../../../../lib64/crtn.o]
  collapse obj [/usr/lib/gcc/aarch64-redhat-linux/11/../../../../lib64/crt1.o] ==> [/usr/lib64/crt1.o]
  collapse obj [/usr/lib/gcc/aarch64-redhat-linux/11/../../../../lib64/crti.o] ==> [/usr/lib64/crti.o]
  collapse obj [/usr/lib/gcc/aarch64-redhat-linux/11/../../../../lib64/crtn.o] ==> [/usr/lib64/crtn.o]
  collapse library dir [/usr/lib/gcc/aarch64-redhat-linux/11] ==> [/usr/lib/gcc/aarch64-redhat-linux/11]
  collapse library dir [/usr/lib/gcc/aarch64-redhat-linux/11/../../../../lib64] ==> [/usr/lib64]
  collapse library dir [/lib/../lib64] ==> [/lib64]
  collapse library dir [/usr/lib/../lib64] ==> [/usr/lib64]
  collapse library dir [/usr/lib/gcc/aarch64-redhat-linux/11/../../..] ==> [/usr/lib]
  implicit libs: [gcc;gcc_s;c;gcc;gcc_s]
  implicit objs: [/usr/lib64/crt1.o;/usr/lib64/crti.o;/usr/lib/gcc/aarch64-redhat-linux/11/crtbegin.o;/usr/lib/gcc/aarch64-redhat-linux/11/crtend.o;/usr/lib64/crtn.o]
  implicit dirs: [/usr/lib/gcc/aarch64-redhat-linux/11;/usr/lib64;/lib64;/usr/lib]
  implicit fwks: []


Detecting CXX compiler ABI info compiled with the following output:
Change Dir: /home/nick/Code/Lynk/build/CMakeFiles/CMakeTmp

Run Build Command(s):/usr/bin/gmake -f Makefile cmTC_7fc4a/fast && /usr/bin/gmake  -f CMakeFiles/cmTC_7fc4a.dir/build.make CMakeFiles/cmTC_7fc4a.dir/build
gmake[1]: Entering directory '/home/nick/Code/Lynk/build/CMakeFiles/CMakeTmp'
Building CXX object CMakeFiles/cmTC_7fc4a.dir/CMakeCXXCompilerABI.cpp.o
/usr/bin/g++   -v -o CMakeFiles/cmTC_7fc4a.dir/CMakeCXXCompilerABI.cpp.o -c /usr/share/cmake/Modules/CMakeCXXCompilerABI.cpp
Using built-in specs.
COLLECT_GCC=/usr/bin/g++
Target: aarch64-redhat-linux
Configured with: ../configure --enable-bootstrap --enable-languages=c,c++,fortran,objc,obj-c++,ada,go,lto --prefix=/usr --mandir=/usr/share/man --infodir=/usr/share/info --with-bugurl=http://bugzilla.redhat.com/bugzilla --enable-shared --enable-threads=posix --enable-checking=release --enable-multilib --with-system-zlib --enable-__cxa_atexit --disable-libunwind-exceptions --enable-gnu-unique-object --enable-linker-build-id --with-gcc-major-version-only --with-linker-hash-style=gnu --enable-plugin --enable-initfini-array --with-isl=/builddir/build/BUILD/gcc-11.2.1-20211203/obj-aarch64-redhat-linux/isl-install --enable-gnu-indirect-function --build=aarch64-redhat-linux --with-build-config=bootstrap-lto --enable-link-serialization=1
Thread model: posix
Supported LTO compression algorithms: zlib zstd
gcc version 11.2.1 20211203 (Red Hat 11.2.1-7) (GCC) 
COLLECT_GCC_OPTIONS='-v' '-o' 'CMakeFiles/cmTC_7fc4a.dir/CMakeCXXCompilerABI.cpp.o' '-c' '-shared-libgcc' '-mlittle-endian' '-mabi=lp64' '-dumpdir' 'CMakeFiles/cmTC_7fc4a.dir/'
 /usr/libexec/gcc/aarch64-redhat-linux/11/cc1plus -quiet -v -D_GNU_SOURCE /usr/share/cmake/Modules/CMakeCXXCompilerABI.cpp -quiet -dumpdir CMakeFiles/cmTC_7fc4a.dir/ -dumpbase CMakeCXXCompilerABI.cpp.cpp -dumpbase-ext .cpp -mlittle-endian -mabi=lp64 -version -o /tmp/ccAXuT4A.s
GNU C++17 (GCC) version 11.2.1 20211203 (Red Hat 11.2.1-7) (aarch64-redhat-linux)
	compiled by GNU C version 11.2.1 20211203 (Red Hat 11.2.1-7), GMP version 6.2.0, MPFR version 4.1.0-p13, MPC version 1.2.1, isl version isl-0.18-GMP

GGC heuristics: --param ggc-min-expand=100 --param ggc-min-heapsize=131072
ignoring nonexistent directory "/usr/lib/gcc/aarch64-redhat-linux/11/include-fixed"
ignoring nonexistent directory "/usr/lib/gcc/aarch64-redhat-linux/11/../../../../aarch64-redhat-linux/include"
#include "..." search starts here:
#include <...> search starts here:
 /usr/lib/gcc/aarch64-redhat-linux/11/../../../../include/c++/11
 /usr/lib/gcc/aarch64-redhat-linux/11/../../../../include/c++/11/aarch64-redhat-linux
 /usr/lib/gcc/aarch64-redhat-linux/11/../../../../include/c++/11/backward
 /usr/lib/gcc/aarch64-redhat-linux/11/include
 /usr/local/include
 /usr/include
End of search list.
GNU C++17 (GCC) version 11.2.1 20211203 (Red Hat 11.2.1-7) (aarch64-redhat-linux)
	compiled by GNU C version 11.2.1 20211203 (Red Hat 11.2.1-7), GMP version 6.2.0, MPFR version 4.1.0-p13, MPC version 1.2.1, isl version isl-0.18-GMP

GGC heuristics: --param ggc-min-expand=100 --param ggc-min-heapsize=131072
Compiler executable checksum: 52332b7bb3af8294318e25a30e79cfc0
COLLECT_GCC_OPTIONS='-v' '-o' 'CMakeFiles/cmTC_7fc4a.dir/CMakeCXXCompilerABI.cpp.o' '-c' '-shared-libgcc' '-mlittle-endian' '-mabi=lp64' '-dumpdir' 'CMakeFiles/cmTC_7fc4a.dir/'
 as -v -EL -mabi=lp64 -o CMakeFiles/cmTC_7fc4a.dir/CMakeCXXCompilerABI.cpp.o /tmp/ccAXuT4A.s
GNU assembler version 2.37 (aarch64-redhat-linux) using BFD version version 2.37-10.fc35
COMPILER_PATH=/usr/libexec/gcc/aarch64-redhat-linux/11/:/usr/libexec/gcc/aarch64-redhat-linux/11/:/usr/libexec/gcc/aarch64-redhat-linux/:/usr/lib/gcc/aarch64-redhat-linux/11/:/usr/lib/gcc/aarch64-redhat-linux/
LIBRARY_PATH=/usr/lib/gcc/aarch64-redhat-linux/11/:/usr/lib/gcc/aarch64-redhat-linux/11/../../../../lib64/:/lib/../lib64/:/usr/lib/../lib64/:/usr/lib/gcc/aarch64-redhat-linux/11/../../../:/lib/:/usr/lib/
COLLECT_GCC_OPTIONS='-v' '-o' 'CMakeFiles/cmTC_7fc4a.dir/CMakeCXXCompilerABI.cpp.o' '-c' '-shared-libgcc' '-mlittle-endian' '-mabi=lp64' '-dumpdir' 'CMakeFiles/cmTC_7fc4a.dir/CMakeCXXCompilerABI.cpp.'
Linking CXX executable cmTC_7fc4a
/usr/bin/cmake -E cmake_link_script CMakeFiles/cmTC_7fc4a.dir/link.txt --verbose=1
/usr/bin/g++  -v CMakeFiles/cmTC_7fc4a.dir/CMakeCXXCompilerABI.cpp.o -o cmTC_7fc4a 
Using built-in specs.
COLLECT_GCC=/usr/bin/g++
COLLECT_LTO_WRAPPER=/usr/libexec/gcc/aarch64-redhat-linux/11/lto-wrapper
Target: aarch64-redhat-linux
Configured with: ../configure --enable-bootstrap --enable-languages=c,c++,fortran,objc,obj-c++,ada,go,lto --prefix=/usr --mandir=/usr/share/man --infodir=/usr/share/info --with-bugurl=http://bugzilla.redhat.com/bugzilla --enable-shared --enable-threads=posix --enable-checking=release --enable-multilib --with-system-zlib --enable-__cxa_atexit --disable-libunwind-exceptions --enable-gnu-unique-object --enable-linker-build-id --with-gcc-major-version-only --with-linker-hash-style=gnu --enable-plugin --enable-initfini-array --with-isl=/builddir/build/BUILD/gcc-11.2.1-20211203/obj-aarch64-redhat-linux/isl-install --enable-gnu-indirect-function --build=aarch64-redhat-linux --with-build-config=bootstrap-lto --enable-link-serialization=1
Thread model: posix
Supported LTO compression algorithms: zlib zstd
gcc version 11.2.1 20211203 (Red Hat 11.2.1-7) (GCC) 
COMPILER_PATH=/usr/libexec/gcc/aarch64-redhat-linux/11/:/usr/libexec/gcc/aarch64-redhat-linux/11/:/usr/libexec/gcc/aarch64-redhat-linux/:/usr/lib/gcc/aarch64-redhat-linux/11/:/usr/lib/gcc/aarch64-redhat-linux/
LIBRARY_PATH=/usr/lib/gcc/aarch64-redhat-linux/11/:/usr/lib/gcc/aarch64-redhat-linux/11/../../../../lib64/:/lib/../lib64/:/usr/lib/../lib64/:/usr/lib/gcc/aarch64-redhat-linux/11/../../../:/lib/:/usr/lib/
COLLECT_GCC_OPTIONS='-v' '-o' 'cmTC_7fc4a' '-shared-libgcc' '-mlittle-endian' '-mabi=lp64' '-dumpdir' 'cmTC_7fc4a.'
 /usr/libexec/gcc/aarch64-redhat-linux/11/collect2 -plugin /usr/libexec/gcc/aarch64-redhat-linux/11/liblto_plugin.so -plugin-opt=/usr/libexec/gcc/aarch64-redhat-linux/11/lto-wrapper -plugin-opt=-fresolution=/tmp/ccb6E1x0.res -plugin-opt=-pass-through=-lgcc_s -plugin-opt=-pass-through=-lgcc -plugin-opt=-pass-through=-lc -plugin-opt=-pass-through=-lgcc_s -plugin-opt=-pass-through=-lgcc --build-id --no-add-needed --eh-frame-hdr --hash-style=gnu -dynamic-linker /lib/ld-linux-aarch64.so.1 -X -EL -maarch64linux -o cmTC_7fc4a /usr/lib/gcc/aarch64-redhat-linux/11/../../../../lib64/crt1.o /usr/lib/gcc/aarch64-redhat-linux/11/../../../../lib64/crti.o /usr/lib/gcc/aarch64-redhat-linux/11/crtbegin.o -L/usr/lib/gcc/aarch64-redhat-linux/11 -L/usr/lib/gcc/aarch64-redhat-linux/11/../../../../lib64 -L/lib/../lib64 -L/usr/lib/../lib64 -L/usr/lib/gcc/aarch64-redhat-linux/11/../../.. CMakeFiles/cmTC_7fc4a.dir/CMakeCXXCompilerABI.cpp.o -lstdc++ -lm -lgcc_s -lgcc -lc -lgcc_s -lgcc /usr/lib/gcc/aarch64-redhat-linux/11/crtend.o /usr/lib/gcc/aarch64-redhat-linux/11/../../../../lib64/crtn.o
COLLECT_GCC_OPTIONS='-v' '-o' 'cmTC_7fc4a' '-shared-libgcc' '-mlittle-endian' '-mabi=lp64' '-dumpdir' 'cmTC_7fc4a.'
gmake[1]: Leaving directory '/home/nick/Code/Lynk/build/CMakeFiles/CMakeTmp'



Parsed CXX implicit include dir info from above output: rv=done
  found start of include info
  found start of implicit include info
    add: [/usr/lib/gcc/aarch64-redhat-linux/11/../../../../include/c++/11]
    add: [/usr/lib/gcc/aarch64-redhat-linux/11/../../../../include/c++/11/aarch64-redhat-linux]
    add: [/usr/lib/gcc/aarch64-redhat-linux/11/../../../../include/c++/11/backward]
    add: [/usr/lib/gcc/aarch64-redhat-linux/11/include]
    add: [/usr/local/include]
    add: [/usr/include]
  end of search list found
  collapse include dir [/usr/lib/gcc/aarch64-redhat-linux/11/../../../../include/c++/11] ==> [/usr/include/c++/11]
  collapse include dir [/usr/lib/gcc/aarch64-redhat-linux/11/../../../../include/c++/11/aarch64-redhat-linux] ==> [/usr/include/c++/11/aarch64-redhat-linux]
  collapse include dir [/usr/lib/gcc/aarch64-redhat-linux/11/../../../../include/c++/11/backward] ==> [/usr/include/c++/11/backward]
  collapse include dir [/usr/lib/gcc/aarch64-redhat-linux/11/include] ==> [/usr/lib/gcc/aarch64-redhat-linux/11/include]
  collapse include dir [/usr/local/include] ==> [/usr/local/include]
  collapse include dir [/usr/include] ==> [/usr/include]
  implicit include dirs: [/usr/include/c++/11;/usr/include/c++/11/aarch64-redhat-linux;/usr/include/c++/11/backward;/usr/lib/gcc/aarch64-redhat-linux/11/include;/usr/local/include;/usr/include]


Parsed CXX implicit link information from above output:
  link line regex: [^( *|.*[/\])(ld|CMAKE_LINK_STARTFILE-NOTFOUND|([^/\]+-)?ld|collect2)[^/\]*( |$)]
  ignore line: [Change Dir: /home/nick/Code/Lynk/build/CMakeFiles/CMakeTmp]
  ignore line: []
  ignore line: [Run Build Command(s):/usr/bin/gmake -f Makefile cmTC_7fc4a/fast && /usr/bin/gmake  -f CMakeFiles/cmTC_7fc4a.dir/build.make CMakeFiles/cmTC_7fc4a.dir/build]
  ignore line: [gmake[1]: Entering directory '/home/nick/Code/Lynk/build/CMakeFiles/CMakeTmp']
  ignore line: [Building CXX object CMakeFiles/cmTC_7fc4a.dir/CMakeCXXCompilerABI.cpp.o]
  ignore line: [/usr/bin/g++   -v -o CMakeFiles/cmTC_7fc4a.dir/CMakeCXXCompilerABI.cpp.o -c /usr/share/cmake/Modules/CMakeCXXCompilerABI.cpp]
  ignore line: [Using built-in specs.]
  ignore line: [COLLECT_GCC=/usr/bin/g++]
  ignore line: [Target: aarch64-redhat-linux]
  ignore line: [Configured with: ../configure --enable-bootstrap --enable-languages=c c++ fortran objc obj-c++ ada go lto --prefix=/usr --mandir=/usr/share/man --infodir=/usr/share/info --with-bugurl=http://bugzilla.redhat.com/bugzilla --enable-shared --enable-threads=posix --enable-checking=release --enable-multilib --with-system-zlib --enable-__cxa_atexit --disable-libunwind-exceptions --enable-gnu-unique-object --enable-linker-build-id --with-gcc-major-version-only --with-linker-hash-style=gnu --enable-plugin --enable-initfini-array --with-isl=/builddir/build/BUILD/gcc-11.2.1-20211203/obj-aarch64-redhat-linux/isl-install --enable-gnu-indirect-function --build=aarch64-redhat-linux --with-build-config=bootstrap-lto --enable-link-serialization=1]
  ignore line: [Thread model: posix]
  ignore line: [Supported LTO compression algorithms: zlib zstd]
  ignore line: [gcc version 11.2.1 20211203 (Red Hat 11.2.1-7) (GCC) ]
  ignore line: [COLLECT_GCC_OPTIONS='-v' '-o' 'CMakeFiles/cmTC_7fc4a.dir/CMakeCXXCompilerABI.cpp.o' '-c' '-shared-libgcc' '-mlittle-endian' '-mabi=lp64' '-dumpdir' 'CMakeFiles/cmTC_7fc4a.dir/']
  ignore line: [ /usr/libexec/gcc/aarch64-redhat-linux/11/cc1plus -quiet -v -D_GNU_SOURCE /usr/share/cmake/Modules/CMakeCXXCompilerABI.cpp -quiet -dumpdir CMakeFiles/cmTC_7fc4a.dir/ -dumpbase CMakeCXXCompilerABI.cpp.cpp -dumpbase-ext .cpp -mlittle-endian -mabi=lp64 -version -o /tmp/ccAXuT4A.s]
  ignore line: [GNU C++17 (GCC) version 11.2.1 20211203 (Red Hat 11.2.1-7) (aarch64-redhat-linux)]
  ignore line: [	compiled by GNU C version 11.2.1 20211203 (Red Hat 11.2.1-7)  GMP version 6.2.0  MPFR version 4.1.0-p13  MPC version 1.2.1  isl version isl-0.18-GMP]
  ignore line: []
  ignore line: [GGC heuristics: --param ggc-min-expand=100 --param ggc-min-heapsize=131072]
  ignore line: [ignoring nonexistent directory "/usr/lib/gcc/aarch64-redhat-linux/11/include-fixed"]
  ignore line: [ignoring nonexistent directory "/usr/lib/gcc/aarch64-redhat-linux/11/../../../../aarch64-redhat-linux/include"]
  ignore line: [#include "..." search starts here:]
  ignore line: [#include <...> search starts here:]
  ignore line: [ /usr/lib/gcc/aarch64-redhat-linux/11/../../../../include/c++/11]
  ignore line: [ /usr/lib/gcc/aarch64-redhat-linux/11/../../../../include/c++/11/aarch64-redhat-linux]
  ignore line: [ /usr/lib/gcc/aarch64-redhat-linux/11/../../../../include/c++/11/backward]
  ignore line: [ /usr/lib/gcc/aarch64-redhat-linux/11/include]
  ignore line: [ /usr/local/include]
  ignore line: [ /usr/include]
  ignore line: [End of search list.]
  ignore line: [GNU C++17 (GCC) version 11.2.1 20211203 (Red Hat 11.2.1-7) (aarch64-redhat-linux)]
  ignore line: [	compiled by GNU C version 11.2.1 20211203 (Red Hat 11.2.1-7)  GMP version 6.2.0  MPFR version 4.1.0-p13  MPC version 1.2.1  isl version isl-0.18-GMP]
  ignore line: []
  ignore line: [GGC heuristics: --param ggc-min-expand=100 --param ggc-min-heapsize=131072]
  ignore line: [Compiler executable checksum: 52332b7bb3af8294318e25a30e79cfc0]
  ignore line: [COLLECT_GCC_OPTIONS='-v' '-o' 'CMakeFiles/cmTC_7fc4a.dir/CMakeCXXCompilerABI.cpp.o' '-c' '-shared-libgcc' '-mlittle-endian' '-mabi=lp64' '-dumpdir' 'CMakeFiles/cmTC_7fc4a.dir/']
  ignore line: [ as -v -EL -mabi=lp64 -o CMakeFiles/cmTC_7fc4a.dir/CMakeCXXCompilerABI.cpp.o /tmp/ccAXuT4A.s]
  ignore line: [GNU assembler version 2.37 (aarch64-redhat-linux) using BFD version version 2.37-10.fc35]
  ignore line: [COMPILER_PATH=/usr/libexec/gcc/aarch64-redhat-linux/11/:/usr/libexec/gcc/aarch64-redhat-linux/11/:/usr/libexec/gcc/aarch64-redhat-linux/:/usr/lib/gcc/aarch64-redhat-linux/11/:/usr/lib/gcc/aarch64-redhat-linux/]
  ignore line: [LIBRARY_PATH=/usr/lib/gcc/aarch64-redhat-linux/11/:/usr/lib/gcc/aarch64-redhat-linux/11/../../../../lib64/:/lib/../lib64/:/usr/lib/../lib64/:/usr/lib/gcc/aarch64-redhat-linux/11/../../../:/lib/:/usr/lib/]
  ignore line: [COLLECT_GCC_OPTIONS='-v' '-o' 'CMakeFiles/cmTC_7fc4a.dir/CMakeCXXCompilerABI.cpp.o' '-c' '-shared-libgcc' '-mlittle-endian' '-mabi=lp64' '-dumpdir' 'CMakeFiles/cmTC_7fc4a.dir/CMakeCXXCompilerABI.cpp.']
  ignore line: [Linking CXX executable cmTC_7fc4a]
  ignore line: [/usr/bin/cmake -E cmake_link_script CMakeFiles/cmTC_7fc4a.dir/link.txt --verbose=1]
  ignore line: [/usr/bin/g++  -v CMakeFiles/cmTC_7fc4a.dir/CMakeCXXCompilerABI.cpp.o -o cmTC_7fc4a ]
  ignore line: [Using built-in specs.]
  ignore line: [COLLECT_GCC=/usr/bin/g++]
  ignore line: [COLLECT_LTO_WRAPPER=/usr/libexec/gcc/aarch64-redhat-linux/11/lto-wrapper]
  ignore line: [Target: aarch64-redhat-linux]
  ignore line: [Configured with: ../configure --enable-bootstrap --enable-languages=c c++ fortran objc obj-c++ ada go lto --prefix=/usr --mandir=/usr/share/man --infodir=/usr/share/info --with-bugurl=http://bugzilla.redhat.com/bugzilla --enable-shared --enable-threads=posix --enable-checking=release --enable-multilib --with-system-zlib --enable-__cxa_atexit --disable-libunwind-exceptions --enable-gnu-unique-object --enable-linker-build-id --with-gcc-major-version-only --with-linker-hash-style=gnu --enable-plugin --enable-initfini-array --with-isl=/builddir/build/BUILD/gcc-11.2.1-20211203/obj-aarch64-redhat-linux/isl-install --enable-gnu-indirect-function --build=aarch64-redhat-linux --with-build-config=bootstrap-lto --enable-link-serialization=1]
  ignore line: [Thread model: posix]
  ignore line: [Supported LTO compression algorithms: zlib zstd]
  ignore line: [gcc version 11.2.1 20211203 (Red Hat 11.2.1-7) (GCC) ]
  ignore line: [COMPILER_PATH=/usr/libexec/gcc/aarch64-redhat-linux/11/:/usr/libexec/gcc/aarch64-redhat-linux/11/:/usr/libexec/gcc/aarch64-redhat-linux/:/usr/lib/gcc/aarch64-redhat-linux/11/:/usr/lib/gcc/aarch64-redhat-linux/]
  ignore line: [LIBRARY_PATH=/usr/lib/gcc/aarch64-redhat-linux/11/:/usr/lib/gcc/aarch64-redhat-linux/11/../../../../lib64/:/lib/../lib64/:/usr/lib/../lib64/:/usr/lib/gcc/aarch64-redhat-linux/11/../../../:/lib/:/usr/lib/]
  ignore line: [COLLECT_GCC_OPTIONS='-v' '-o' 'cmTC_7fc4a' '-shared-libgcc' '-mlittle-endian' '-mabi=lp64' '-dumpdir' 'cmTC_7fc4a.']
  link line: [ /usr/libexec/gcc/aarch64-redhat-linux/11/collect2 -plugin /usr/libexec/gcc/aarch64-redhat-linux/11/liblto_plugin.so -plugin-opt=/usr/libexec/gcc/aarch64-redhat-linux/11/lto-wrapper -plugin-opt=-fresolution=/tmp/ccb6E1x0.res -plugin-opt=-pass-through=-lgcc_s -plugin-opt=-pass-through=-lgcc -plugin-opt=-pass-through=-lc -plugin-opt=-pass-through=-lgcc_s -plugin-opt=-pass-through=-lgcc --build-id --no-add-needed --eh-frame-hdr --hash-style=gnu -dynamic-linker /lib/ld-linux-aarch64.so.1 -X -EL -maarch64linux -o cmTC_7fc4a /usr/lib/gcc/aarch64-redhat-linux/11/../../../../lib64/crt1.o /usr/lib/gcc/aarch64-redhat-linux/11/../../../../lib64/crti.o /usr/lib/gcc/aarch64-redhat-linux/11/crtbegin.o -L/usr/lib/gcc/aarch64-redhat-linux/11 -L/usr/lib/gcc/aarch64-redhat-linux/11/../../../../lib64 -L/lib/../lib64 -L/usr/lib/../lib64 -L/usr/lib/gcc/aarch64-redhat-linux/11/../../.. CMakeFiles/cmTC_7fc4a.dir/CMakeCXXCompilerABI.cpp.o -lstdc++ -lm -lgcc_s -lgcc -lc -lgcc_s -lgcc /usr/lib/gcc/aarch64-redhat-linux/11/crtend.o /usr/lib/gcc/aarch64-redhat-linux/11/../../../../lib64/crtn.o]
    arg [/usr/libexec/gcc/aarch64-redhat-linux/11/collect2] ==> ignore
    arg [-plugin] ==> ignore
    arg [/usr/libexec/gcc/aarch64-redhat-linux/11/liblto_plugin.so] ==> ignore
    arg [-plugin-opt=/usr/libexec/gcc/aarch64-redhat-linux/11/lto-wrapper] ==> ignore
    arg [-plugin-opt=-fresolution=/tmp/ccb6E1x0.res] ==> ignore
    arg [-plugin-opt=-pass-through=-lgcc_s] ==> ignore
    arg [-plugin-opt=-pass-through=-lgcc] ==> ignore
    arg [-plugin-opt=-pass-through=-lc] ==> ignore
    arg [-plugin-opt=-pass-through=-lgcc_s] ==> ignore
    arg [-plugin-opt=-pass-through=-lgcc] ==> ignore
    arg [--build-id] ==> ignore
    arg [--no-add-needed] ==> ignore
    arg [--eh-frame-hdr] ==> ignore
    arg [--hash-style=gnu] ==> ignore
    arg [-dynamic-linker] ==> ignore
    arg [/lib/ld-linux-aarch64.so.1] ==> ignore
    arg [-X] ==> ignore
    arg [-EL] ==> ignore
    arg [-maarch64linux] ==> ignore
    arg [-o] ==> ignore
    arg [cmTC_7fc4a] ==> ignore
    arg [/usr/lib/gcc/aarch64-redhat-linux/11/../../../../lib64/crt1.o] ==> obj [/usr/lib/gcc/aarch64-redhat-linux/11/../../../../lib64/crt1.o]
    arg [/usr/lib/gcc/aarch64-redhat-linux/11/../../../../lib64/crti.o] ==> obj [/usr/lib/gcc/aarch64-redhat-linux/11/../../../../lib64/crti.o]
    arg [/usr/lib/gcc/aarch64-redhat-linux/11/crtbegin.o] ==> obj [/usr/lib/gcc/aarch64-redhat-linux/11/crtbegin.o]
    arg [-L/usr/lib/gcc/aarch64-redhat-linux/11] ==> dir [/usr/lib/gcc/aarch64-redhat-linux/11]
    arg [-L/usr/lib/gcc/aarch64-redhat-linux/11/../../../../lib64] ==> dir [/usr/lib/gcc/aarch64-redhat-linux/11/../../../../lib64]
    arg [-L/lib/../lib64] ==> dir [/lib/../lib64]
    arg [-L/usr/lib/../lib64] ==> dir [/usr/lib/../lib64]
    arg [-L/usr/lib/gcc/aarch64-redhat-linux/11/../../..] ==> dir [/usr/lib/gcc/aarch64-redhat-linux/11/../../..]
    arg [CMakeFiles/cmTC_7fc4a.dir/CMakeCXXCompilerABI.cpp.o] ==> ignore
    arg [-lstdc++] ==> lib [stdc++]
    arg [-lm] ==> lib [m]
    arg [-lgcc_s] ==> lib [gcc_s]
    arg [-lgcc] ==> lib [gcc]
    arg [-lc] ==> lib [c]
    arg [-lgcc_s] ==> lib [gcc_s]
    arg [-lgcc] ==> lib [gcc]
    arg [/usr/lib/gcc/aarch64-redhat-linux/11/crtend.o] ==> obj [/usr/lib/gcc/aarch64-redhat-linux/11/crtend.o]
    arg [/usr/lib/gcc/aarch64-redhat-linux/11/../../../../lib64/crtn.o] ==> obj [/usr/lib/gcc/aarch64-redhat-linux/11/../../../../lib64/crtn.o]
  collapse obj [/usr/lib/gcc/aarch64-redhat-linux/11/../../../../lib64/crt1.o] ==> [/usr/lib64/crt1.o]
  collapse obj [/usr/lib/gcc/aarch64-redhat-linux/11/../../../../lib64/crti.o] ==> [/usr/lib64/crti.o]
  collapse obj [/usr/lib/gcc/aarch64-redhat-linux/11/../../../../lib64/crtn.o] ==> [/usr/lib64/crtn.o]
  collapse library dir [/usr/lib/gcc/aarch64-redhat-linux/11] ==> [/usr/lib/gcc/aarch64-redhat-linux/11]
  collapse library dir [/usr/lib/gcc/aarch64-redhat-linux/11/../../../../lib64] ==> [/usr/lib64]
  collapse library dir [/lib/../lib64] ==> [/lib64]
  collapse library dir [/usr/lib/../lib64] ==> [/usr/lib64]
  collapse library dir [/usr/lib/gcc/aarch64-redhat-linux/11/../../..] ==> [/usr/lib]
  implicit libs: [stdc++;m;gcc_s;gcc;c;gcc_s;gcc]
  implicit objs: [/usr/lib64/crt1.o;/usr/lib64/crti.o;/usr/lib/gcc/aarch64-redhat-linux/11/crtbegin.o;/usr/lib/gcc/aarch64-redhat-linux/11/crtend.o;/usr/lib64/crtn.o]
  implicit dirs: [/usr/lib/gcc/aarch64-redhat-linux/11;/usr/lib64;/lib64;/usr/lib]
  implicit fwks: []


Performing C SOURCE FILE Test COMPILER_HAS_THOSE_TOGGLES succeeded with the following output:
Change Dir: /home/nick/Code/Lynk/build/CMakeFiles/CMakeTmp

Run Build Command(s):/usr/bin/gmake -f Makefile cmTC_ae6b6/fast && /usr/bin/gmake  -f CMakeFiles/cmTC_ae6b6.dir/build.make CMakeFiles/cmTC_ae6b6.dir/build
gmake[1]: Entering directory '/home/nick/Code/Lynk/build/CMakeFiles/CMakeTmp'
Building C object CMakeFiles/cmTC_ae6b6.dir/src.c.o
/usr/bin/gcc -DCOMPILER_HAS_THOSE_TOGGLES  -Werror=pointer-arith -o CMakeFiles/cmTC_ae6b6.dir/src.c.o -c /home/nick/Code/Lynk/build/CMakeFiles/CMakeTmp/src.c
Linking C executable cmTC_ae6b6
/usr/bin/cmake -E cmake_link_script CMakeFiles/cmTC_ae6b6.dir/link.txt --verbose=1
/usr/bin/gcc -rdynamic CMakeFiles/cmTC_ae6b6.dir/src.c.o -o cmTC_ae6b6 
gmake[1]: Leaving directory '/home/nick/Code/Lynk/build/CMakeFiles/CMakeTmp'


Source file was:
int main(void) { return 0; }
Determining if the include file pthread.h exists passed with the following output:
Change Dir: /home/nick/Code/Lynk/build/CMakeFiles/CMakeTmp

Run Build Command(s):/usr/bin/gmake -f Makefile cmTC_8ba06/fast && /usr/bin/gmake  -f CMakeFiles/cmTC_8ba06.dir/build.make CMakeFiles/cmTC_8ba06.dir/build
gmake[1]: Entering directory '/home/nick/Code/Lynk/build/CMakeFiles/CMakeTmp'
Building C object CMakeFiles/cmTC_8ba06.dir/CheckIncludeFile.c.o
/usr/bin/gcc   -fno-strict-aliasing -Werror=implicit-function-declaration -Werror=pointer-arith   -std=gnu99 -o CMakeFiles/cmTC_8ba06.dir/CheckIncludeFile.c.o -c /home/nick/Code/Lynk/build/CMakeFiles/CMakeTmp/CheckIncludeFile.c
Linking C executable cmTC_8ba06
/usr/bin/cmake -E cmake_link_script CMakeFiles/cmTC_8ba06.dir/link.txt --verbose=1
/usr/bin/gcc -fno-strict-aliasing -Werror=implicit-function-declaration -Werror=pointer-arith   CMakeFiles/cmTC_8ba06.dir/CheckIncludeFile.c.o -o cmTC_8ba06 
gmake[1]: Leaving directory '/home/nick/Code/Lynk/build/CMakeFiles/CMakeTmp'



Performing C SOURCE FILE Test CMAKE_HAVE_LIBC_PTHREAD succeeded with the following output:
Change Dir: /home/nick/Code/Lynk/build/CMakeFiles/CMakeTmp

Run Build Command(s):/usr/bin/gmake -f Makefile cmTC_a4f8b/fast && /usr/bin/gmake  -f CMakeFiles/cmTC_a4f8b.dir/build.make CMakeFiles/cmTC_a4f8b.dir/build
gmake[1]: Entering directory '/home/nick/Code/Lynk/build/CMakeFiles/CMakeTmp'
Building C object CMakeFiles/cmTC_a4f8b.dir/src.c.o
/usr/bin/gcc -DCMAKE_HAVE_LIBC_PTHREAD  -fno-strict-aliasing -Werror=implicit-function-declaration -Werror=pointer-arith   -o CMakeFiles/cmTC_a4f8b.dir/src.c.o -c /home/nick/Code/Lynk/build/CMakeFiles/CMakeTmp/src.c
Linking C executable cmTC_a4f8b
/usr/bin/cmake -E cmake_link_script CMakeFiles/cmTC_a4f8b.dir/link.txt --verbose=1
/usr/bin/gcc -fno-strict-aliasing -Werror=implicit-function-declaration -Werror=pointer-arith   -rdynamic CMakeFiles/cmTC_a4f8b.dir/src.c.o -o cmTC_a4f8b 
gmake[1]: Leaving directory '/home/nick/Code/Lynk/build/CMakeFiles/CMakeTmp'


Source file was:
#include <pthread.h>

static void* test_func(void* data)
{
  return data;
}

int main(void)
{
  pthread_t thread;
  pthread_create(&thread, NULL, test_func, NULL);
  pthread_detach(thread);
  pthread_cancel(thread);
  pthread_join(thread, NULL);
  pthread_atfork(NULL, NULL, NULL);
  pthread_exit(NULL);

  return 0;
}

Determining if the function XOpenDisplay exists in the /usr/lib64/libX11.so;/usr/lib64/libXext.so passed with the following output:
Change Dir: /home/nick/Code/Lynk/build/CMakeFiles/CMakeTmp

Run Build Command(s):/usr/bin/gmake -f Makefile cmTC_96707/fast && /usr/bin/gmake  -f CMakeFiles/cmTC_96707.dir/build.make CMakeFiles/cmTC_96707.dir/build
gmake[1]: Entering directory '/home/nick/Code/Lynk/build/CMakeFiles/CMakeTmp'
Building C object CMakeFiles/cmTC_96707.dir/CheckFunctionExists.c.o
/usr/bin/gcc   -fno-strict-aliasing -Werror=implicit-function-declaration -Werror=pointer-arith  -DCHECK_FUNCTION_EXISTS=XOpenDisplay -std=gnu99 -o CMakeFiles/cmTC_96707.dir/CheckFunctionExists.c.o -c /usr/share/cmake/Modules/CheckFunctionExists.c
Linking C executable cmTC_96707
/usr/bin/cmake -E cmake_link_script CMakeFiles/cmTC_96707.dir/link.txt --verbose=1
/usr/bin/gcc -fno-strict-aliasing -Werror=implicit-function-declaration -Werror=pointer-arith  -DCHECK_FUNCTION_EXISTS=XOpenDisplay CMakeFiles/cmTC_96707.dir/CheckFunctionExists.c.o -o cmTC_96707  /usr/lib64/libX11.so /usr/lib64/libXext.so 
gmake[1]: Leaving directory '/home/nick/Code/Lynk/build/CMakeFiles/CMakeTmp'



Determining if the function gethostbyname exists passed with the following output:
Change Dir: /home/nick/Code/Lynk/build/CMakeFiles/CMakeTmp

Run Build Command(s):/usr/bin/gmake -f Makefile cmTC_7f846/fast && /usr/bin/gmake  -f CMakeFiles/cmTC_7f846.dir/build.make CMakeFiles/cmTC_7f846.dir/build
gmake[1]: Entering directory '/home/nick/Code/Lynk/build/CMakeFiles/CMakeTmp'
Building C object CMakeFiles/cmTC_7f846.dir/CheckFunctionExists.c.o
/usr/bin/gcc   -fno-strict-aliasing -Werror=implicit-function-declaration -Werror=pointer-arith  -DCHECK_FUNCTION_EXISTS=gethostbyname -std=gnu99 -o CMakeFiles/cmTC_7f846.dir/CheckFunctionExists.c.o -c /usr/share/cmake/Modules/CheckFunctionExists.c
Linking C executable cmTC_7f846
/usr/bin/cmake -E cmake_link_script CMakeFiles/cmTC_7f846.dir/link.txt --verbose=1
/usr/bin/gcc -fno-strict-aliasing -Werror=implicit-function-declaration -Werror=pointer-arith  -DCHECK_FUNCTION_EXISTS=gethostbyname CMakeFiles/cmTC_7f846.dir/CheckFunctionExists.c.o -o cmTC_7f846 
gmake[1]: Leaving directory '/home/nick/Code/Lynk/build/CMakeFiles/CMakeTmp'



Determining if the function connect exists passed with the following output:
Change Dir: /home/nick/Code/Lynk/build/CMakeFiles/CMakeTmp

Run Build Command(s):/usr/bin/gmake -f Makefile cmTC_a53f5/fast && /usr/bin/gmake  -f CMakeFiles/cmTC_a53f5.dir/build.make CMakeFiles/cmTC_a53f5.dir/build
gmake[1]: Entering directory '/home/nick/Code/Lynk/build/CMakeFiles/CMakeTmp'
Building C object CMakeFiles/cmTC_a53f5.dir/CheckFunctionExists.c.o
/usr/bin/gcc   -fno-strict-aliasing -Werror=implicit-function-declaration -Werror=pointer-arith  -DCHECK_FUNCTION_EXISTS=connect -std=gnu99 -o CMakeFiles/cmTC_a53f5.dir/CheckFunctionExists.c.o -c /usr/share/cmake/Modules/CheckFunctionExists.c
Linking C executable cmTC_a53f5
/usr/bin/cmake -E cmake_link_script CMakeFiles/cmTC_a53f5.dir/link.txt --verbose=1
/usr/bin/gcc -fno-strict-aliasing -Werror=implicit-function-declaration -Werror=pointer-arith  -DCHECK_FUNCTION_EXISTS=connect CMakeFiles/cmTC_a53f5.dir/CheckFunctionExists.c.o -o cmTC_a53f5 
gmake[1]: Leaving directory '/home/nick/Code/Lynk/build/CMakeFiles/CMakeTmp'



Determining if the function remove exists passed with the following output:
Change Dir: /home/nick/Code/Lynk/build/CMakeFiles/CMakeTmp

Run Build Command(s):/usr/bin/gmake -f Makefile cmTC_7c8db/fast && /usr/bin/gmake  -f CMakeFiles/cmTC_7c8db.dir/build.make CMakeFiles/cmTC_7c8db.dir/build
gmake[1]: Entering directory '/home/nick/Code/Lynk/build/CMakeFiles/CMakeTmp'
Building C object CMakeFiles/cmTC_7c8db.dir/CheckFunctionExists.c.o
/usr/bin/gcc   -fno-strict-aliasing -Werror=implicit-function-declaration -Werror=pointer-arith  -DCHECK_FUNCTION_EXISTS=remove -std=gnu99 -o CMakeFiles/cmTC_7c8db.dir/CheckFunctionExists.c.o -c /usr/share/cmake/Modules/CheckFunctionExists.c
Linking C executable cmTC_7c8db
/usr/bin/cmake -E cmake_link_script CMakeFiles/cmTC_7c8db.dir/link.txt --verbose=1
/usr/bin/gcc -fno-strict-aliasing -Werror=implicit-function-declaration -Werror=pointer-arith  -DCHECK_FUNCTION_EXISTS=remove CMakeFiles/cmTC_7c8db.dir/CheckFunctionExists.c.o -o cmTC_7c8db 
gmake[1]: Leaving directory '/home/nick/Code/Lynk/build/CMakeFiles/CMakeTmp'



Determining if the function shmat exists passed with the following output:
Change Dir: /home/nick/Code/Lynk/build/CMakeFiles/CMakeTmp

Run Build Command(s):/usr/bin/gmake -f Makefile cmTC_cc474/fast && /usr/bin/gmake  -f CMakeFiles/cmTC_cc474.dir/build.make CMakeFiles/cmTC_cc474.dir/build
gmake[1]: Entering directory '/home/nick/Code/Lynk/build/CMakeFiles/CMakeTmp'
Building C object CMakeFiles/cmTC_cc474.dir/CheckFunctionExists.c.o
/usr/bin/gcc   -fno-strict-aliasing -Werror=implicit-function-declaration -Werror=pointer-arith  -DCHECK_FUNCTION_EXISTS=shmat -std=gnu99 -o CMakeFiles/cmTC_cc474.dir/CheckFunctionExists.c.o -c /usr/share/cmake/Modules/CheckFunctionExists.c
Linking C executable cmTC_cc474
/usr/bin/cmake -E cmake_link_script CMakeFiles/cmTC_cc474.dir/link.txt --verbose=1
/usr/bin/gcc -fno-strict-aliasing -Werror=implicit-function-declaration -Werror=pointer-arith  -DCHECK_FUNCTION_EXISTS=shmat CMakeFiles/cmTC_cc474.dir/CheckFunctionExists.c.o -o cmTC_cc474 
gmake[1]: Leaving directory '/home/nick/Code/Lynk/build/CMakeFiles/CMakeTmp'



